.\apps\frontend\app\components\FooterSection.tsx:159:32 lint/suspicious/noArrayIndexKey ━━━━━━━━━━━━

  ! Avoid using the index of an array as key property in an element.
  
    157 │           // biome-ignore lint/suspicious/noArrayIndexKey: static text
    158 │           <span
  > 159 │             key={`footer-txt-${i}`}
        │                                ^
    160 │             className="font-playfair"
    161 │             style={{
  
  i This is the source of the key value.
  
    154 │       {/* Stacked Text block matching Figma */}
    155 │       <div className="absolute bottom-[-60px] left-0 right-0 z-10 flex flex-col items-center justify-center pointer-events-none opacity-20">
  > 156 │         {Array.from({ length: 4 }).map((_, i) => (
        │                                            ^
    157 │           // biome-ignore lint/suspicious/noArrayIndexKey: static text
    158 │           <span
  
  i The order of the items may change, and this also affects performances and component state.
  
  i Check the React documentation. 
  

.\apps\frontend\app\components\FooterSection.tsx:157:11 suppressions/unused ━━━━━━━━━━━━━━━━━━━━━━━━

  ! Suppression comment has no effect. Remove the suppression or make sure you are suppressing the correct rule.
  
    155 │       <div className="absolute bottom-[-60px] left-0 right-0 z-10 flex flex-col items-center justify-center pointer-events-none opacity-20">
    156 │         {Array.from({ length: 4 }).map((_, i) => (
  > 157 │           // biome-ignore lint/suspicious/noArrayIndexKey: static text
        │           ^^^^^^^^^^^^^^^^^^^^^^^^^^^^^^^^^^^^^^^^^^^^^^^^^^^^^^^^^^^^
    158 │           <span
    159 │             key={`footer-txt-${i}`}
  

.\apps\frontend\app\components\SpatialCanvasSection.tsx:155:40 lint/suspicious/noArrayIndexKey ━━━━━━━━━━

  ! Avoid using the index of an array as key property in an element.
  
    153 │                   // biome-ignore lint/suspicious/noArrayIndexKey: static shapes
    154 │                   <div
  > 155 │                     key={`doodle-bar-${j}`}
        │                                        ^
    156 │                     style={{
    157 │                       width: '3px',
  
  i This is the source of the key value.
  
    148 │             </svg>
    149 │             <div className="flex items-center gap-[3px] flex-1">
  > 150 │               {Array.from({ length: 32 }).map((_, j) => {
        │                                                   ^
    151 │                 const h = 8 + Math.sin(j * 0.5) * 14 + Math.random() * 8;
    152 │                 return (
  
  i The order of the items may change, and this also affects performances and component state.
  
  i Check the React documentation. 
  

.\apps\frontend\app\components\SpatialCanvasSection.tsx:369:35 lint/suspicious/noArrayIndexKey ━━━━━━━━━━

  ! Avoid using the index of an array as key property in an element.
  
    367 │             // biome-ignore lint/suspicious/noArrayIndexKey: static word list
    368 │             <span
  > 369 │               key={`action-word-${i}`}
        │                                   ^
    370 │               style={{
    371 │                 fontSize: '14px',
  
  i This is the source of the key value.
  
    364 │           }}
    365 │         >
  > 366 │           {['DRAG', '•', 'MOVE', '•', 'CONNECT', '•', 'REFLECT'].map((w, i) => (
        │                                                                          ^
    367 │             // biome-ignore lint/suspicious/noArrayIndexKey: static word list
    368 │             <span
  
  i The order of the items may change, and this also affects performances and component state.
  
  i Check the React documentation. 
  

.\apps\frontend\app\components\SpatialCanvasSection.tsx:153:19 suppressions/unused ━━━━━━━━━━━━━━━━━

  ! Suppression comment has no effect. Remove the suppression or make sure you are suppressing the correct rule.
  
    151 │                 const h = 8 + Math.sin(j * 0.5) * 14 + Math.random() * 8;
    152 │                 return (
  > 153 │                   // biome-ignore lint/suspicious/noArrayIndexKey: static shapes
        │                   ^^^^^^^^^^^^^^^^^^^^^^^^^^^^^^^^^^^^^^^^^^^^^^^^^^^^^^^^^^^^^^
    154 │                   <div
    155 │                     key={`doodle-bar-${j}`}
  

.\apps\frontend\app\components\SpatialCanvasSection.tsx:367:13 suppressions/unused ━━━━━━━━━━━━━━━━━

  ! Suppression comment has no effect. Remove the suppression or make sure you are suppressing the correct rule.
  
    365 │         >
    366 │           {['DRAG', '•', 'MOVE', '•', 'CONNECT', '•', 'REFLECT'].map((w, i) => (
  > 367 │             // biome-ignore lint/suspicious/noArrayIndexKey: static word list
        │             ^^^^^^^^^^^^^^^^^^^^^^^^^^^^^^^^^^^^^^^^^^^^^^^^^^^^^^^^^^^^^^^^^
    368 │             <span
    369 │               key={`action-word-${i}`}
  

.\apps\frontend\app\dashboard\new-entry\page.tsx:504:17 lint/a11y/useSemanticElements ━━━━━━━━━━━━━━

  × The elements with the following roles can be changed to the following elements:
    <button>
    <input type="button">
  
  
    502 │         <div className="p-5">
    503 │           {!preview ? (
  > 504 │             <div
        │                 
  > 505 │               role="button"
        │               ^^^^^^^^^^^^^
    506 │               tabIndex={0}
    507 │               onKeyDown={(e) => {
  
  i For examples and more information, see WAI-ARIA Roles
  

.\apps\frontend\app\dashboard\new-entry\page.tsx:773:20 lint/suspicious/noArrayIndexKey ━━━━━━━━━━━━

  ! Avoid using the index of an array as key property in an element.
  
    771 │             // biome-ignore lint/suspicious/noArrayIndexKey: static playback visual
    772 │             <div
  > 773 │               key={i}
        │                    ^
    774 │               className="flex-1 rounded-full transition-colors"
    775 │               style={{
  
  i This is the source of the key value.
  
    768 │         </button>
    769 │         <div className="flex items-end gap-[1.5px] flex-1 h-7">
  > 770 │           {bars.map((h, i) => (
        │                         ^
    771 │             // biome-ignore lint/suspicious/noArrayIndexKey: static playback visual
    772 │             <div
  
  i The order of the items may change, and this also affects performances and component state.
  
  i Check the React documentation. 
  

.\apps\frontend\app\dashboard\new-entry\page.tsx:815:3 lint/correctness/useExhaustiveDependencies ━━━━━━━━━━

  ! This hook specifies a dependency more specific that its captures: b.seconds
  
    813 │   const intervalRef = useRef<NodeJS.Timeout | null>(null);
    814 │ 
  > 815 │   useEffect(() => {
        │   ^^^^^^^^^
    816 │     if (b.running) {
    817 │       intervalRef.current = setInterval(() => onUpdate({ ...b, seconds: b.seconds + 1 }), 1000);
  
  i This capture is more generic than...
  
    815 │   useEffect(() => {
    816 │     if (b.running) {
  > 817 │       intervalRef.current = setInterval(() => onUpdate({ ...b, seconds: b.seconds + 1 }), 1000);
        │                                                             ^
    818 │     }
    819 │     return () => {
  
  i ...this dependency.
  
    820 │       if (intervalRef.current) clearInterval(intervalRef.current);
    821 │     };
  > 822 │   }, [b.running, b.seconds]); // biome-ignore lint/correctness/useExhaustiveDependencies: custom run cycle
        │                  ^^^^^^^^^
    823 │ 
    824 │   const fmt = (s: number) => {
  

.\apps\frontend\app\dashboard\new-entry\page.tsx:815:3 lint/correctness/useExhaustiveDependencies ━━━━━━━━━━

  ! This hook does not specify all of its dependencies: b
  
    813 │   const intervalRef = useRef<NodeJS.Timeout | null>(null);
    814 │ 
  > 815 │   useEffect(() => {
        │   ^^^^^^^^^
    816 │     if (b.running) {
    817 │       intervalRef.current = setInterval(() => onUpdate({ ...b, seconds: b.seconds + 1 }), 1000);
  
  i This dependency is not specified in the hook dependency list.
  
    815 │   useEffect(() => {
    816 │     if (b.running) {
  > 817 │       intervalRef.current = setInterval(() => onUpdate({ ...b, seconds: b.seconds + 1 }), 1000);
        │                                                             ^
    818 │     }
    819 │     return () => {
  

.\apps\frontend\app\dashboard\new-entry\page.tsx:815:3 lint/correctness/useExhaustiveDependencies ━━━━━━━━━━

  ! This hook does not specify all of its dependencies: onUpdate
  
    813 │   const intervalRef = useRef<NodeJS.Timeout | null>(null);
    814 │ 
  > 815 │   useEffect(() => {
        │   ^^^^^^^^^
    816 │     if (b.running) {
    817 │       intervalRef.current = setInterval(() => onUpdate({ ...b, seconds: b.seconds + 1 }), 1000);
  
  i This dependency is not specified in the hook dependency list.
  
    815 │   useEffect(() => {
    816 │     if (b.running) {
  > 817 │       intervalRef.current = setInterval(() => onUpdate({ ...b, seconds: b.seconds + 1 }), 1000);
        │                                               ^^^^^^^^
    818 │     }
    819 │     return () => {
  

.\apps\frontend\app\dashboard\new-entry\page.tsx:1029:3 lint/correctness/useExhaustiveDependencies ━━━━━━━━━━

  ! This hook does not specify all of its dependencies: blocks.length
  
    1027 │     { enabled: !!initialId },
    1028 │   );
  > 1029 │   useEffect(() => {
         │   ^^^^^^^^^
    1030 │     if (existingEntry) {
    1031 │       try {
  
  i This dependency is not specified in the hook dependency list.
  
    1035 │         if (parsed.textContent !== undefined) {
    1036 │           if (!textContent) setTextContent(parsed.textContent || '');
  > 1037 │           if (blocks.length === 0) setBlocks((_prev) => parsed.blocks || []);
         │               ^^^^^^^^^^^^^
    1038 │         } else {
    1039 │           if (!textContent) setTextContent(existingEntry.content || '');
  

.\apps\frontend\app\dashboard\new-entry\page.tsx:1029:3 lint/correctness/useExhaustiveDependencies ━━━━━━━━━━

  ! This hook does not specify all of its dependencies: setTextContent
  
    1027 │     { enabled: !!initialId },
    1028 │   );
  > 1029 │   useEffect(() => {
         │   ^^^^^^^^^
    1030 │     if (existingEntry) {
    1031 │       try {
  
  i This dependency is not specified in the hook dependency list.
  
    1040 │         }
    1041 │       } catch {
  > 1042 │         if (!textContent) setTextContent(existingEntry.content || '');
         │                           ^^^^^^^^^^^^^^
    1043 │       }
    1044 │       setEntryId(existingEntry.id);
  
  i This dependency is not specified in the hook dependency list.
  
    1037 │           if (blocks.length === 0) setBlocks((_prev) => parsed.blocks || []);
    1038 │         } else {
  > 1039 │           if (!textContent) setTextContent(existingEntry.content || '');
         │                             ^^^^^^^^^^^^^^
    1040 │         }
    1041 │       } catch {
  
  i This dependency is not specified in the hook dependency list.
  
    1034 │         const parsed = JSON.parse(decompressed);
    1035 │         if (parsed.textContent !== undefined) {
  > 1036 │           if (!textContent) setTextContent(parsed.textContent || '');
         │                             ^^^^^^^^^^^^^^
    1037 │           if (blocks.length === 0) setBlocks((_prev) => parsed.blocks || []);
    1038 │         } else {
  

.\apps\frontend\app\dashboard\new-entry\page.tsx:1029:3 lint/correctness/useExhaustiveDependencies ━━━━━━━━━━

  ! This hook does not specify all of its dependencies: setBlocks
  
    1027 │     { enabled: !!initialId },
    1028 │   );
  > 1029 │   useEffect(() => {
         │   ^^^^^^^^^
    1030 │     if (existingEntry) {
    1031 │       try {
  
  i This dependency is not specified in the hook dependency list.
  
    1035 │         if (parsed.textContent !== undefined) {
    1036 │           if (!textContent) setTextContent(parsed.textContent || '');
  > 1037 │           if (blocks.length === 0) setBlocks((_prev) => parsed.blocks || []);
         │                                    ^^^^^^^^^
    1038 │         } else {
    1039 │           if (!textContent) setTextContent(existingEntry.content || '');
  

.\apps\frontend\app\dashboard\new-entry\page.tsx:1029:3 lint/correctness/useExhaustiveDependencies ━━━━━━━━━━

  ! This hook does not specify all of its dependencies: textContent
  
    1027 │     { enabled: !!initialId },
    1028 │   );
  > 1029 │   useEffect(() => {
         │   ^^^^^^^^^
    1030 │     if (existingEntry) {
    1031 │       try {
  
  i This dependency is not specified in the hook dependency list.
  
    1040 │         }
    1041 │       } catch {
  > 1042 │         if (!textContent) setTextContent(existingEntry.content || '');
         │              ^^^^^^^^^^^
    1043 │       }
    1044 │       setEntryId(existingEntry.id);
  
  i This dependency is not specified in the hook dependency list.
  
    1037 │           if (blocks.length === 0) setBlocks((_prev) => parsed.blocks || []);
    1038 │         } else {
  > 1039 │           if (!textContent) setTextContent(existingEntry.content || '');
         │                ^^^^^^^^^^^
    1040 │         }
    1041 │       } catch {
  
  i This dependency is not specified in the hook dependency list.
  
    1034 │         const parsed = JSON.parse(decompressed);
    1035 │         if (parsed.textContent !== undefined) {
  > 1036 │           if (!textContent) setTextContent(parsed.textContent || '');
         │                ^^^^^^^^^^^
    1037 │           if (blocks.length === 0) setBlocks((_prev) => parsed.blocks || []);
    1038 │         } else {
  

.\apps\frontend\app\dashboard\new-entry\page.tsx:1069:3 lint/correctness/useExhaustiveDependencies ━━━━━━━━━━

  ! This hook does not specify all of its dependencies: blocks
  
    1068 │   // DB debounce — fires 2s after last keystroke or block change
  > 1069 │   useEffect(() => {
         │   ^^^^^^^^^
    1070 │     if (!textContent.trim() && blocks.length === 0) return;
    1071 │     if (dbDebounce.current) clearTimeout(dbDebounce.current);
  
  i This dependency is not specified in the hook dependency list.
  
    1071 │     if (dbDebounce.current) clearTimeout(dbDebounce.current);
    1072 │     dbDebounce.current = setTimeout(
  > 1073 │       () => performDbSave.current(textContent, blocks, entryIdRef.current),
         │                                                ^^^^^^
    1074 │       2000,
    1075 │     );
  

.\apps\frontend\app\dashboard\new-entry\page.tsx:1069:3 lint/correctness/useExhaustiveDependencies ━━━━━━━━━━

  ! This hook does not specify all of its dependencies: blocks.length
  
    1068 │   // DB debounce — fires 2s after last keystroke or block change
  > 1069 │   useEffect(() => {
         │   ^^^^^^^^^
    1070 │     if (!textContent.trim() && blocks.length === 0) return;
    1071 │     if (dbDebounce.current) clearTimeout(dbDebounce.current);
  
  i This dependency is not specified in the hook dependency list.
  
    1068 │   // DB debounce — fires 2s after last keystroke or block change
    1069 │   useEffect(() => {
  > 1070 │     if (!textContent.trim() && blocks.length === 0) return;
         │                                ^^^^^^^^^^^^^
    1071 │     if (dbDebounce.current) clearTimeout(dbDebounce.current);
    1072 │     dbDebounce.current = setTimeout(
  

.\apps\frontend\app\dashboard\new-entry\page.tsx:1130:11 lint/a11y/useButtonType ━━━━━━━━━━━━━━━━━━━

  × Provide an explicit type prop for the button element.
  
    1128 │           style={{ fontFamily: "'Playfair Display', serif" }}
    1129 │         >
  > 1130 │           <button
         │           ^^^^^^^
  > 1131 │             onClick={handleHome}
  > 1132 │             className="text-slate-500 hover:text-slate-300 transition-colors bg-transparent border-none cursor-pointer text-base"
  > 1133 │           >
         │           ^
    1134 │             Home
    1135 │           </button>
  
  i The default type of a button is submit, which causes the submission of a form when placed inside a `form` element. This is likely not the behaviour that you want inside a React application.
  
  i Allowed button types are: submit, button or reset
  

.\apps\frontend\app\dashboard\new-entry\page.tsx:1173:13 lint/a11y/useButtonType ━━━━━━━━━━━━━━━━━━━

  × Provide an explicit type prop for the button element.
  
    1171 │           {/* Clear all button */}
    1172 │           {(blocks.length > 0 || textContent) && (
  > 1173 │             <button
         │             ^^^^^^^
  > 1174 │               onClick={() => {
  > 1175 │                 if (confirm('Sab kuch clear kar dein?')) clearAll();
  > 1176 │               }}
  > 1177 │               className="flex items-center gap-1.5 text-slate-600 hover:text-red-400 transition-colors text-xs border border-white/[0.06] hover:border-red-400/30 px-3 py-1.5 rounded-full"
  > 1178 │             >
         │             ^
    1179 │               <Trash2 className="w-3 h-3" />
    1180 │               Clear
  
  i The default type of a button is submit, which causes the submission of a form when placed inside a `form` element. This is likely not the behaviour that you want inside a React application.
  
  i Allowed button types are: submit, button or reset
  

.\apps\frontend\app\dashboard\new-entry\page.tsx:771:13 suppressions/unused ━━━━━━━━━━━━━━━━━━━━━━━━

  ! Suppression comment has no effect. Remove the suppression or make sure you are suppressing the correct rule.
  
    769 │         <div className="flex items-end gap-[1.5px] flex-1 h-7">
    770 │           {bars.map((h, i) => (
  > 771 │             // biome-ignore lint/suspicious/noArrayIndexKey: static playback visual
        │             ^^^^^^^^^^^^^^^^^^^^^^^^^^^^^^^^^^^^^^^^^^^^^^^^^^^^^^^^^^^^^^^^^^^^^^^
    772 │             <div
    773 │               key={i}
  

The number of diagnostics exceeds the number allowed by Biome.
Diagnostics not shown: 1.
Checked 174 files in 475ms. No fixes applied.
Found 3 errors.
Found 18 warnings.
check ━━━━━━━━━━━━━━━━━━━━━━━━━━━━━━━━━━━━━━━━━━━━━━━━━━━━━━━━━━━━━━━━━━━━━━━━━━━━━━━━━━━━━━━━━━━━━━

  × Some errors were emitted while running checks.
  

