$ turbo run check-types
• turbo 2.8.17
• Packages in scope: @soulcanvas/admin-dashboard, @soulcanvas/ai-engine, @soulcanvas/api, @soulcanvas/backend, @soulcanvas/database, @soulcanvas/frontend, @soulcanvas/logic, @soulcanvas/typescript-config, @soulcanvas/ui-kit
• Running check-types in 9 packages
• Remote caching disabled
@soulcanvas/admin-dashboard:check-types: cache miss, executing bab87f040cadbf47
@soulcanvas/ui-kit:check-types: cache hit, replaying logs 307e08336f9e796b
@soulcanvas/ui-kit:check-types: $ tsc --noEmit
@soulcanvas/ai-engine:check-types: cache hit, replaying logs 6228f8783e61b5a9
@soulcanvas/logic:check-types: cache hit, replaying logs d42fec961377a9bd
@soulcanvas/logic:check-types: $ tsc --noEmit
@soulcanvas/ai-engine:check-types: $ tsc --noEmit
@soulcanvas/database:check-types: cache hit, replaying logs 31a4554f1fbe218f
@soulcanvas/database:check-types: $ tsc --noEmit
@soulcanvas/api:check-types: cache hit, replaying logs 6a2de273b0962abd
@soulcanvas/api:check-types: $ tsc --noEmit
@soulcanvas/backend:check-types: cache miss, executing 8462db04931a3fbb
@soulcanvas/frontend:check-types: cache miss, executing 31dac397fa64527f
@soulcanvas/admin-dashboard:check-types: $ bun run --env-file=../../.env scripts/run.ts bunx tsc --noEmit -p tsconfig.json
@soulcanvas/backend:check-types: $ tsc --noEmit
@soulcanvas/frontend:check-types: $ next typegen && tsc --noEmit
@soulcanvas/frontend:check-types: Generating route types...
@soulcanvas/frontend:check-types: ✓ Types generated successfully
@soulcanvas/frontend:check-types: app/dashboard/new-entry/page.tsx(98,32): error TS2304: Cannot find name 'LS_KEY'.
@soulcanvas/frontend:check-types: app/dashboard/new-entry/page.tsx(384,24): error TS2345: Argument of type 'string | undefined' is not assignable to parameter of type 'string'.
@soulcanvas/frontend:check-types:   Type 'undefined' is not assignable to type 'string'.
@soulcanvas/frontend:check-types: app/dashboard/new-entry/page.tsx(960,5): error TS2554: Expected 1 arguments, but got 0.
@soulcanvas/frontend:check-types: app/dashboard/new-entry/page.tsx(987,40): error TS2339: Property 'getEntry' does not exist on type 'CreateTRPCReactBase<BuiltRouter<{ ctx: TrpcContext; meta: object; errorShape: DefaultErrorShape; transformer: false; }, DecorateCreateRouterOptions<{ public: BuiltRouter<{ ctx: TrpcContext; meta: object; errorShape: DefaultErrorShape; transformer: false; }, DecorateCreateRouterOptions<...>>; private: BuiltRouter<......'.
@soulcanvas/frontend:check-types: app/dashboard/new-entry/page.tsx(1035,27): error TS2554: Expected 3 arguments, but got 2.
@soulcanvas/frontend:check-types: app/dashboard/new-entry/page.tsx(1046,27): error TS2554: Expected 3 arguments, but got 2.
@soulcanvas/frontend:check-types: ERROR: command finished with error: command (C:\Users\HP\Videos\projects\soulcanvas\apps\frontend) C:\Users\HP\.bun\bin\bun.exe run check-types exited (2)
@soulcanvas/frontend#check-types: command (C:\Users\HP\Videos\projects\soulcanvas\apps\frontend) C:\Users\HP\.bun\bin\bun.exe run check-types exited (2)

 Tasks:    7 successful, 8 total
Cached:    5 cached, 8 total
  Time:    18.334s 
Failed:    @soulcanvas/frontend#check-types

 ERROR  run failed: command  exited (2)
